<?xml version="1.0" encoding="UTF-8"?>
<!-- Generated by org.testng.reporters.JUnitReportReporter -->
<testsuite hostname="Alnobl" failures="0" tests="2" name="testCases.TestCases" time="72.658" errors="0" timestamp="2024-04-14T23:12:43 AST" skipped="0">
  <testcase classname="testCases.TestCases" name="signUpTest" time="41.358"/>
  <system-out/>
  <testcase classname="testCases.TestCases" name="signInTest" time="31.300"/>
  <system-out/>
</testsuite> <!-- testCases.TestCases -->
